<?xml version="1.0" encoding="UTF-8"?>
<!-- Generated by org.testng.reporters.JUnitReportReporter -->
<testsuite skipped="0" hostname="DESKTOP-N60COK1" name="qaclickacademy.AppiumTest" tests="2" failures="0" timestamp="2020-05-03T14:14:27 IST" time="0.008" errors="0">
  <testcase name="nativeAppIos" time="0.001" classname="qaclickacademy.AppiumTest"/>
  <system-out/>
  <testcase name="nativeAppAndroid" time="0.007" classname="qaclickacademy.AppiumTest"/>
  <system-out/>
</testsuite> <!-- qaclickacademy.AppiumTest -->
