<?xml version="1.0" encoding="UTF-8"?>
<!-- Generated by org.testng.reporters.JUnitReportReporter -->
<testsuite skipped="0" hostname="DESKTOP-N60COK1" name="qaclickacademy.RestApiTest" tests="2" failures="0" timestamp="2020-05-03T14:13:52 IST" time="0.000" errors="0">
  <testcase name="postJira" time="0.000" classname="qaclickacademy.RestApiTest"/>
  <system-out/>
  <testcase name="deleteTwitter" time="0.000" classname="qaclickacademy.RestApiTest"/>
  <system-out/>
</testsuite> <!-- qaclickacademy.RestApiTest -->
